Fri Mar 11 17:04:01 -03 2022: 
 tests:  0|7
total_score: 0/70
2d4eac9
Fri Mar 11 17:31:55 -03 2022: 
 exercises.c | 11 +++++++----
 1 file changed, 7 insertions(+), 4 deletions(-)
 tests:  2|5
total_score: 20/70
f54ebfb
Fri Mar 11 17:41:27 -03 2022: 
 exercises.c | 4 ++--
 1 file changed, 2 insertions(+), 2 deletions(-)
 tests:  2|5
total_score: 20/70
ac46879
Fri Mar 11 17:52:55 -03 2022: 
 exercises.c | 7 +++++--
 1 file changed, 5 insertions(+), 2 deletions(-)
In file included from test.c:5:
./exercises.c:80:9: error: unused variable 'vectorLocal' [-Werror,-Wunused-variable]
   int *vectorLocal = (int*) calloc(n, sizeof(int));
        ^
1 error generated.
Compilation failed
44492de
Fri Mar 11 18:37:28 -03 2022: 
 exercises.c | 7 +++++--
 1 file changed, 5 insertions(+), 2 deletions(-)
In file included from test.c:5:
./exercises.c:83:21: error: incompatible pointer types assigning to 'int *' from 'Vector *' [-Werror,-Wincompatible-pointer-types]
   tipoVector.datos = (Vector *) calloc(n, sizeof(Vector));
                    ^ ~~~~~~~~~~~~~~~~~~~~~~~~~~~~~~~~~~~~
./exercises.c:84:11: error: address of stack memory associated with local variable 'vectorLocal' returned [-Werror,-Wreturn-stack-address]
   return vectorLocal;
          ^~~~~~~~~~~
2 errors generated.
Compilation failed
f0d6a6d
Fri Mar 11 18:43:58 -03 2022: 
 exercises.c | 12 +++++++++---
 1 file changed, 9 insertions(+), 3 deletions(-)
In file included from test.c:5:
./exercises.c:66:11: error: incompatible integer to pointer conversion passing 'int' to parameter of type 'const void *' [-Werror,-Wint-conversion]
   strcpy(datos->edad, edad);
          ^~~~~~~~~~~
/Library/Developer/CommandLineTools/SDKs/MacOSX12.1.sdk/usr/include/secure/_string.h:84:61: note: expanded from macro 'strcpy'
                __builtin___strcpy_chk (dest, __VA_ARGS__, __darwin_obsz (dest))
                                                                          ^~~~
/Library/Developer/CommandLineTools/SDKs/MacOSX12.1.sdk/usr/include/secure/_common.h:39:54: note: expanded from macro '__darwin_obsz'
#define __darwin_obsz(object) __builtin_object_size (object, _USE_FORTIFY_LEVEL > 1 ? 1 : 0)
                                                     ^~~~~~
In file included from test.c:5:
./exercises.c:66:11: error: incompatible integer to pointer conversion passing 'int' to parameter of type 'char *' [-Werror,-Wint-conversion]
   strcpy(datos->edad, edad);
          ^~~~~~~~~~~
/Library/Developer/CommandLineTools/SDKs/MacOSX12.1.sdk/usr/include/secure/_string.h:84:27: note: expanded from macro 'strcpy'
                __builtin___strcpy_chk (dest, __VA_ARGS__, __darwin_obsz (dest))
                                        ^~~~
In file included from test.c:5:
./exercises.c:66:24: error: incompatible integer to pointer conversion passing 'int' to parameter of type 'const char *' [-Werror,-Wint-conversion]
   strcpy(datos->edad, edad);
                       ^~~~
/Library/Developer/CommandLineTools/SDKs/MacOSX12.1.sdk/usr/include/secure/_string.h:84:33: note: expanded from macro 'strcpy'
                __builtin___strcpy_chk (dest, __VA_ARGS__, __darwin_obsz (dest))
                                              ^~~~~~~~~~~
In file included from test.c:5:
./exercises.c:68:11: error: variable 'datos' is uninitialized when used here [-Werror,-Wuninitialized]
   return datos;
          ^~~~~
./exercises.c:62:18: note: initialize the variable 'datos' to silence this warning
   Persona *datos;
                 ^
                  = NULL
./exercises.c:91:1: error: non-void function does not return a value [-Werror,-Wreturn-type]
}
^
5 errors generated.
Compilation failed
11211ba
Sat Mar 12 12:04:28 -03 2022: 
 exercises.c | 19 ++++++++++++-------
 1 file changed, 12 insertions(+), 7 deletions(-)
In file included from test.c:5:
./exercises.c:66:11: error: incompatible integer to pointer conversion passing 'int' to parameter of type 'const void *' [-Werror,-Wint-conversion]
   strcpy(datos->edad, edad);
          ^~~~~~~~~~~
/Library/Developer/CommandLineTools/SDKs/MacOSX.sdk/usr/include/secure/_string.h:84:61: note: expanded from macro 'strcpy'
                __builtin___strcpy_chk (dest, __VA_ARGS__, __darwin_obsz (dest))
                                                                          ^~~~
/Library/Developer/CommandLineTools/SDKs/MacOSX.sdk/usr/include/secure/_common.h:39:54: note: expanded from macro '__darwin_obsz'
#define __darwin_obsz(object) __builtin_object_size (object, _USE_FORTIFY_LEVEL > 1 ? 1 : 0)
                                                     ^~~~~~
In file included from test.c:5:
./exercises.c:66:11: error: incompatible integer to pointer conversion passing 'int' to parameter of type 'char *' [-Werror,-Wint-conversion]
   strcpy(datos->edad, edad);
          ^~~~~~~~~~~
/Library/Developer/CommandLineTools/SDKs/MacOSX.sdk/usr/include/secure/_string.h:84:27: note: expanded from macro 'strcpy'
                __builtin___strcpy_chk (dest, __VA_ARGS__, __darwin_obsz (dest))
                                        ^~~~
In file included from test.c:5:
./exercises.c:66:24: error: incompatible integer to pointer conversion passing 'int' to parameter of type 'const char *' [-Werror,-Wint-conversion]
   strcpy(datos->edad, edad);
                       ^~~~
/Library/Developer/CommandLineTools/SDKs/MacOSX.sdk/usr/include/secure/_string.h:84:33: note: expanded from macro 'strcpy'
                __builtin___strcpy_chk (dest, __VA_ARGS__, __darwin_obsz (dest))
                                              ^~~~~~~~~~~
In file included from test.c:5:
./exercises.c:68:11: error: variable 'datos' is uninitialized when used here [-Werror,-Wuninitialized]
   return datos;
          ^~~~~
./exercises.c:62:18: note: initialize the variable 'datos' to silence this warning
   Persona *datos;
                 ^
                  = NULL
./exercises.c:92:23: error: incompatible pointer types assigning to 'int *' from 'Vector *' [-Werror,-Wincompatible-pointer-types]
   datosVector->datos = (Vector *) calloc(n, sizeof(Vector));
                      ^ ~~~~~~~~~~~~~~~~~~~~~~~~~~~~~~~~~~~~
5 errors generated.
Compilation failed
14c9671
Sat Mar 12 15:13:45 -03 2022: 
 exercises.c | 28 +++++++++++++++++-----------
 1 file changed, 17 insertions(+), 11 deletions(-)
In file included from test.c:5:
./exercises.c:66:11: error: incompatible integer to pointer conversion passing 'int' to parameter of type 'const void *' [-Werror,-Wint-conversion]
   strcpy(datos->edad, edad);
          ^~~~~~~~~~~
/Library/Developer/CommandLineTools/SDKs/MacOSX.sdk/usr/include/secure/_string.h:84:61: note: expanded from macro 'strcpy'
                __builtin___strcpy_chk (dest, __VA_ARGS__, __darwin_obsz (dest))
                                                                          ^~~~
/Library/Developer/CommandLineTools/SDKs/MacOSX.sdk/usr/include/secure/_common.h:39:54: note: expanded from macro '__darwin_obsz'
#define __darwin_obsz(object) __builtin_object_size (object, _USE_FORTIFY_LEVEL > 1 ? 1 : 0)
                                                     ^~~~~~
In file included from test.c:5:
./exercises.c:66:11: error: incompatible integer to pointer conversion passing 'int' to parameter of type 'char *' [-Werror,-Wint-conversion]
   strcpy(datos->edad, edad);
          ^~~~~~~~~~~
/Library/Developer/CommandLineTools/SDKs/MacOSX.sdk/usr/include/secure/_string.h:84:27: note: expanded from macro 'strcpy'
                __builtin___strcpy_chk (dest, __VA_ARGS__, __darwin_obsz (dest))
                                        ^~~~
In file included from test.c:5:
./exercises.c:66:24: error: incompatible integer to pointer conversion passing 'int' to parameter of type 'const char *' [-Werror,-Wint-conversion]
   strcpy(datos->edad, edad);
                       ^~~~
/Library/Developer/CommandLineTools/SDKs/MacOSX.sdk/usr/include/secure/_string.h:84:33: note: expanded from macro 'strcpy'
                __builtin___strcpy_chk (dest, __VA_ARGS__, __darwin_obsz (dest))
                                              ^~~~~~~~~~~
3 errors generated.
Compilation failed
0475334
Sat Mar 12 15:50:56 -03 2022: 
 exercises.c | 6 +++---
 1 file changed, 3 insertions(+), 3 deletions(-)
In file included from test.c:5:
./exercises.c:66:11: error: incompatible integer to pointer conversion passing 'int' to parameter of type 'const void *' [-Werror,-Wint-conversion]
   strcpy(datos->edad, edad);
          ^~~~~~~~~~~
/Library/Developer/CommandLineTools/SDKs/MacOSX.sdk/usr/include/secure/_string.h:84:61: note: expanded from macro 'strcpy'
                __builtin___strcpy_chk (dest, __VA_ARGS__, __darwin_obsz (dest))
                                                                          ^~~~
/Library/Developer/CommandLineTools/SDKs/MacOSX.sdk/usr/include/secure/_common.h:39:54: note: expanded from macro '__darwin_obsz'
#define __darwin_obsz(object) __builtin_object_size (object, _USE_FORTIFY_LEVEL > 1 ? 1 : 0)
                                                     ^~~~~~
In file included from test.c:5:
./exercises.c:66:11: error: incompatible integer to pointer conversion passing 'int' to parameter of type 'char *' [-Werror,-Wint-conversion]
   strcpy(datos->edad, edad);
          ^~~~~~~~~~~
/Library/Developer/CommandLineTools/SDKs/MacOSX.sdk/usr/include/secure/_string.h:84:27: note: expanded from macro 'strcpy'
                __builtin___strcpy_chk (dest, __VA_ARGS__, __darwin_obsz (dest))
                                        ^~~~
In file included from test.c:5:
./exercises.c:66:24: error: incompatible integer to pointer conversion passing 'int' to parameter of type 'const char *' [-Werror,-Wint-conversion]
   strcpy(datos->edad, edad);
                       ^~~~
/Library/Developer/CommandLineTools/SDKs/MacOSX.sdk/usr/include/secure/_string.h:84:33: note: expanded from macro 'strcpy'
                __builtin___strcpy_chk (dest, __VA_ARGS__, __darwin_obsz (dest))
                                              ^~~~~~~~~~~
In file included from test.c:5:
./exercises.c:89:4: error: variable 'vector' is uninitialized when used here [-Werror,-Wuninitialized]
   vector->datos = (int *) calloc(n, sizeof(int));
   ^~~~~~
./exercises.c:86:18: note: initialize the variable 'vector' to silence this warning
   Vector *vector; /*= (Vector *) malloc(n * sizeof(Vector));
                 ^
                  = NULL
4 errors generated.
Compilation failed
5620562
